C:\USERS\GRIT\DROPBOX\GITHUB\MUSEE\MUSICEXTRACTIONAPI\RELEASE\RHYTHMICEXTRACT.OBJ
C:\USERS\GRIT\DROPBOX\GITHUB\MUSEE\MUSICEXTRACTIONAPI\RELEASE\MUSICEXTRACTION.OBJ
C:\USERS\GRIT\DROPBOX\GITHUB\MUSEE\MUSICEXTRACTIONAPI\RELEASE\MUSEEAPI.OBJ
C:\USERS\GRIT\DROPBOX\GITHUB\MUSEE\MUSICEXTRACTIONAPI\RELEASE\VC110.PDB
C:\Users\Grit\Dropbox\GitHub\MuSee\itunesvisualswindowssdk - muSee\Release\MusicExtractionAPI.lib
C:\Users\Grit\Dropbox\GitHub\MuSee\itunesvisualswindowssdk - muSee\Release\MusicExtractionAPI.exp
C:\Users\Grit\Dropbox\GitHub\MuSee\MusicExtractionAPI\Release\museeAPI.obj
C:\Users\Grit\Dropbox\GitHub\MuSee\MusicExtractionAPI\Release\MusicExtraction.obj
C:\Users\Grit\Dropbox\GitHub\MuSee\MusicExtractionAPI\Release\RhythmicExtract.obj
C:\Users\Grit\Dropbox\GitHub\MuSee\MusicExtractionAPI\Release\cl.command.1.tlog
C:\Users\Grit\Dropbox\GitHub\MuSee\MusicExtractionAPI\Release\CL.read.1.tlog
C:\Users\Grit\Dropbox\GitHub\MuSee\MusicExtractionAPI\Release\CL.write.1.tlog
C:\Users\Grit\Dropbox\GitHub\MuSee\MusicExtractionAPI\Release\link-cvtres.read.1.tlog
C:\Users\Grit\Dropbox\GitHub\MuSee\MusicExtractionAPI\Release\link-cvtres.write.1.tlog
C:\Users\Grit\Dropbox\GitHub\MuSee\MusicExtractionAPI\Release\link-rc.read.1.tlog
C:\Users\Grit\Dropbox\GitHub\MuSee\MusicExtractionAPI\Release\link-rc.write.1.tlog
C:\Users\Grit\Dropbox\GitHub\MuSee\MusicExtractionAPI\Release\link.command.1.tlog
C:\Users\Grit\Dropbox\GitHub\MuSee\MusicExtractionAPI\Release\link.read.1.tlog
C:\Users\Grit\Dropbox\GitHub\MuSee\MusicExtractionAPI\Release\link.write.1.tlog
C:\Users\Grit\Dropbox\GitHub\MuSee\MusicExtractionAPI\Release\MusicExtractionAPI.write.1.tlog
C:\Users\Grit\Dropbox\GitHub\MuSee\MusicExtractionAPI\Release\vc110.pdb
C:\Users\Grit\Dropbox\GitHub\MuSee\itunesvisualswindowssdk - muSee\Release\MusicExtractionAPI.pdb
