Build started 9/6/2013 12:35:06 AM.
     1>Project "C:\Users\Grit\Dropbox\GitHub\MuSee\MusicExtractionAPI\MusicExtractionAPI.vcxproj" on node 2 (Build target(s)).
     1>ClCompile:
         C:\Program Files (x86)\Microsoft Visual Studio 11.0\VC\bin\CL.exe /c /Zi /nologo /W3 /WX- /O2 /Oi /Oy- /GL /D WIN32 /D NDEBUG /D _WINDOWS /D _USRDLL /D MUSICEXTRACTIONAPI_EXPORTS /D _WINDLL /D _UNICODE /D UNICODE /Gm- /EHsc /MD /GS /Gy /fp:precise /Zc:wchar_t /Zc:forScope /Fo"Release\\" /Fd"Release\vc110.pdb" /Gd /TP /analyze- /errorReport:prompt MusicExtraction.cpp RhythmicExtract.cpp
         MusicExtraction.cpp
     1>c:\users\grit\dropbox\github\musee\musicextractionapi\Parameters.h(11): warning C4305: 'initializing' : truncation from 'double' to 'const float'
     1>c:\users\grit\dropbox\github\musee\musicextractionapi\Parameters.h(36): warning C4305: 'initializing' : truncation from 'double' to 'const float'
     1>c:\users\grit\dropbox\github\musee\musicextractionapi\Parameters.h(37): warning C4305: 'initializing' : truncation from 'double' to 'const float'
     1>c:\users\grit\dropbox\github\musee\musicextractionapi\Parameters.h(38): warning C4305: 'initializing' : truncation from 'double' to 'const float'
     1>c:\users\grit\dropbox\github\musee\musicextractionapi\Parameters.h(40): warning C4244: 'initializing' : conversion from 'double' to 'const float', possible loss of data
     1>c:\users\grit\dropbox\github\musee\musicextractionapi\Parameters.h(46): warning C4305: 'initializing' : truncation from 'double' to 'const float'
     1>c:\users\grit\dropbox\github\musee\musicextractionapi\Parameters.h(47): warning C4305: 'initializing' : truncation from 'double' to 'const float'
     1>MusicExtraction.cpp(15): warning C4244: '=' : conversion from 'double' to 'int', possible loss of data
     1>MusicExtraction.cpp(25): warning C4244: '=' : conversion from 'unsigned int' to 'float', possible loss of data
     1>MusicExtraction.cpp(97): warning C4018: '<' : signed/unsigned mismatch
     1>MusicExtraction.cpp(98): warning C4018: '<' : signed/unsigned mismatch
     1>MusicExtraction.cpp(126): warning C4018: '<' : signed/unsigned mismatch
     1>MusicExtraction.cpp(130): warning C4018: '<' : signed/unsigned mismatch
     1>MusicExtraction.cpp(140): warning C4018: '<' : signed/unsigned mismatch
     1>MusicExtraction.cpp(170): warning C4018: '<' : signed/unsigned mismatch
     1>MusicExtraction.cpp(179): warning C4018: '<' : signed/unsigned mismatch
     1>MusicExtraction.cpp(258): warning C4018: '<' : signed/unsigned mismatch
     1>MusicExtraction.cpp(259): warning C4018: '<' : signed/unsigned mismatch
     1>MusicExtraction.cpp(350): warning C4018: '<' : signed/unsigned mismatch
     1>MusicExtraction.cpp(355): warning C4018: '<' : signed/unsigned mismatch
     1>MusicExtraction.cpp(385): warning C4018: '<' : signed/unsigned mismatch
     1>MusicExtraction.cpp(386): warning C4018: '<' : signed/unsigned mismatch
     1>MusicExtraction.cpp(402): warning C4018: '<' : signed/unsigned mismatch
     1>MusicExtraction.cpp(403): warning C4244: 'initializing' : conversion from 'double' to 'float', possible loss of data
     1>MusicExtraction.cpp(404): warning C4018: '<' : signed/unsigned mismatch
     1>MusicExtraction.cpp(411): warning C4018: '<' : signed/unsigned mismatch
     1>MusicExtraction.cpp(412): warning C4018: '<' : signed/unsigned mismatch
     1>MusicExtraction.cpp(419): warning C4018: '<' : signed/unsigned mismatch
     1>MusicExtraction.cpp(420): warning C4018: '<' : signed/unsigned mismatch
     1>MusicExtraction.cpp(427): warning C4018: '<' : signed/unsigned mismatch
     1>MusicExtraction.cpp(428): warning C4018: '<' : signed/unsigned mismatch
     1>MusicExtraction.cpp(436): warning C4018: '<' : signed/unsigned mismatch
     1>MusicExtraction.cpp(437): warning C4018: '<' : signed/unsigned mismatch
     1>MusicExtraction.cpp(448): warning C4244: 'initializing' : conversion from 'double' to 'float', possible loss of data
     1>MusicExtraction.cpp(456): warning C4244: 'initializing' : conversion from 'double' to 'float', possible loss of data
     1>MusicExtraction.cpp(466): warning C4018: '<' : signed/unsigned mismatch
     1>MusicExtraction.cpp(467): warning C4244: 'initializing' : conversion from 'double' to 'float', possible loss of data
     1>MusicExtraction.cpp(468): warning C4018: '<' : signed/unsigned mismatch
         RhythmicExtract.cpp
     1>c:\users\grit\dropbox\github\musee\musicextractionapi\Parameters.h(11): warning C4305: 'initializing' : truncation from 'double' to 'const float'
     1>c:\users\grit\dropbox\github\musee\musicextractionapi\Parameters.h(36): warning C4305: 'initializing' : truncation from 'double' to 'const float'
     1>c:\users\grit\dropbox\github\musee\musicextractionapi\Parameters.h(37): warning C4305: 'initializing' : truncation from 'double' to 'const float'
     1>c:\users\grit\dropbox\github\musee\musicextractionapi\Parameters.h(38): warning C4305: 'initializing' : truncation from 'double' to 'const float'
     1>c:\users\grit\dropbox\github\musee\musicextractionapi\Parameters.h(40): warning C4244: 'initializing' : conversion from 'double' to 'const float', possible loss of data
     1>c:\users\grit\dropbox\github\musee\musicextractionapi\Parameters.h(46): warning C4305: 'initializing' : truncation from 'double' to 'const float'
     1>c:\users\grit\dropbox\github\musee\musicextractionapi\Parameters.h(47): warning C4305: 'initializing' : truncation from 'double' to 'const float'
     1>c:\users\grit\dropbox\github\musee\musicextractionapi\RhythmicExtract.h(12): warning C4305: 'initializing' : truncation from 'double' to 'const float'
     1>c:\users\grit\dropbox\github\musee\musicextractionapi\RhythmicExtract.h(14): warning C4305: 'initializing' : truncation from 'double' to 'const float'
     1>RhythmicExtract.cpp(13): warning C4244: '=' : conversion from 'int' to 'float', possible loss of data
     1>RhythmicExtract.cpp(75): warning C4018: '<' : signed/unsigned mismatch
     1>RhythmicExtract.cpp(76): warning C4018: '<' : signed/unsigned mismatch
     1>RhythmicExtract.cpp(77): warning C4244: '+=' : conversion from 'double' to 'float', possible loss of data
     1>RhythmicExtract.cpp(90): warning C4018: '>=' : signed/unsigned mismatch
     1>RhythmicExtract.cpp(216): warning C4244: '=' : conversion from 'double' to 'float', possible loss of data
     1>RhythmicExtract.cpp(217): warning C4244: '=' : conversion from 'double' to 'float', possible loss of data
     1>RhythmicExtract.cpp(307): warning C4018: '>' : signed/unsigned mismatch
     1>RhythmicExtract.cpp(311): warning C4018: '>' : signed/unsigned mismatch
     1>RhythmicExtract.cpp(315): warning C4018: '>' : signed/unsigned mismatch
     1>RhythmicExtract.cpp(336): warning C4305: '=' : truncation from 'unsigned __int64' to 'float'
       Link:
         C:\Program Files (x86)\Microsoft Visual Studio 11.0\VC\bin\link.exe /ERRORREPORT:PROMPT /OUT:"C:\Users\Grit\Dropbox\GitHub\MuSee\itunesvisualswindowssdk - muSee\Release\MusicExtractionAPI.dll" /INCREMENTAL:NO /NOLOGO kernel32.lib user32.lib gdi32.lib winspool.lib comdlg32.lib advapi32.lib shell32.lib ole32.lib oleaut32.lib uuid.lib odbc32.lib odbccp32.lib /MANIFEST /MANIFESTUAC:"level='asInvoker' uiAccess='false'" /manifest:embed /DEBUG /PDB:"C:\Users\Grit\Dropbox\GitHub\MuSee\itunesvisualswindowssdk - muSee\Release\MusicExtractionAPI.pdb" /SUBSYSTEM:WINDOWS /OPT:REF /OPT:ICF /LTCG /TLBID:1 /DYNAMICBASE /NXCOMPAT /IMPLIB:"C:\Users\Grit\Dropbox\GitHub\MuSee\itunesvisualswindowssdk - muSee\Release\MusicExtractionAPI.lib" /MACHINE:X86 /SAFESEH /DLL Release\MusicExtraction.obj
         Release\RhythmicExtract.obj
         Generating code
         Finished generating code
         MusicExtractionAPI.vcxproj -> C:\Users\Grit\Dropbox\GitHub\MuSee\itunesvisualswindowssdk - muSee\Release\MusicExtractionAPI.dll
     1>Done Building Project "C:\Users\Grit\Dropbox\GitHub\MuSee\MusicExtractionAPI\MusicExtractionAPI.vcxproj" (Build target(s)).

Build succeeded.

Time Elapsed 00:00:01.49
